<?xml version="1.0" encoding="UTF-8"?>
<!-- Generated by org.testng.reporters.JUnitReportReporter -->
<testsuite hostname="DESKTOP-PP1U1SC" failures="0" tests="2" name="TestCase.TestAUT" time="15.938" errors="0" timestamp="2020-05-27T02:38:49 IST" skipped="0">
  <testcase classname="TestCase.TestAUT" name="test_Home_Page_Appear" time="8.561"/>
  <testcase classname="TestCase.TestAUT" name="Main_Home_Page_Appear" time="7.377"/>
</testsuite> <!-- TestCase.TestAUT -->
